Analysis & Synthesis report for vga_ctrl
Tue Aug 20 19:18:15 2024
Quartus Prime Version 23.1std.1 Build 993 05/14/2024 SC Lite Edition


---------------------
; Table of Contents ;
---------------------
  1. Legal Notice
  2. Analysis & Synthesis Summary
  3. Analysis & Synthesis Settings
  4. Parallel Compilation
  5. Analysis & Synthesis Source Files Read
  6. Analysis & Synthesis Resource Usage Summary
  7. Analysis & Synthesis Resource Utilization by Entity
  8. General Register Statistics
  9. Multiplexer Restructuring Statistics (Restructuring Performed)
 10. Parameter Settings for User Entity Instance: Top-level Entity: |vga_ctrl
 11. Post-Synthesis Netlist Statistics for Top Partition
 12. Elapsed Time Per Partition
 13. Analysis & Synthesis Messages



----------------
; Legal Notice ;
----------------
Copyright (C) 2024  Intel Corporation. All rights reserved.
Your use of Intel Corporation's design tools, logic functions 
and other software and tools, and any partner logic 
functions, and any output files from any of the foregoing 
(including device programming or simulation files), and any 
associated documentation or information are expressly subject 
to the terms and conditions of the Intel Program License 
Subscription Agreement, the Intel Quartus Prime License Agreement,
the Intel FPGA IP License Agreement, or other applicable license
agreement, including, without limitation, that your use is for
the sole purpose of programming logic devices manufactured by
Intel and sold by Intel or its authorized distributors.  Please
refer to the applicable agreement for further details, at
https://fpgasoftware.intel.com/eula.



+-------------------------------------------------------------------------------------+
; Analysis & Synthesis Summary                                                        ;
+------------------------------------+------------------------------------------------+
; Analysis & Synthesis Status        ; Successful - Tue Aug 20 19:18:15 2024          ;
; Quartus Prime Version              ; 23.1std.1 Build 993 05/14/2024 SC Lite Edition ;
; Revision Name                      ; vga_ctrl                                       ;
; Top-level Entity Name              ; vga_ctrl                                       ;
; Family                             ; Cyclone IV E                                   ;
; Total logic elements               ; 107                                            ;
;     Total combinational functions  ; 107                                            ;
;     Dedicated logic registers      ; 20                                             ;
; Total registers                    ; 20                                             ;
; Total pins                         ; 56                                             ;
; Total virtual pins                 ; 0                                              ;
; Total memory bits                  ; 0                                              ;
; Embedded Multiplier 9-bit elements ; 0                                              ;
; Total PLLs                         ; 0                                              ;
+------------------------------------+------------------------------------------------+


+------------------------------------------------------------------------------------------------------------+
; Analysis & Synthesis Settings                                                                              ;
+------------------------------------------------------------------+--------------------+--------------------+
; Option                                                           ; Setting            ; Default Value      ;
+------------------------------------------------------------------+--------------------+--------------------+
; Device                                                           ; EP4CE10F17C8       ;                    ;
; Top-level entity name                                            ; vga_ctrl           ; vga_ctrl           ;
; Family name                                                      ; Cyclone IV E       ; Cyclone V          ;
; Use smart compilation                                            ; Off                ; Off                ;
; Enable parallel Assembler and Timing Analyzer during compilation ; On                 ; On                 ;
; Enable compact report table                                      ; Off                ; Off                ;
; Restructure Multiplexers                                         ; Auto               ; Auto               ;
; Create Debugging Nodes for IP Cores                              ; Off                ; Off                ;
; Preserve fewer node names                                        ; On                 ; On                 ;
; Intel FPGA IP Evaluation Mode                                    ; Enable             ; Enable             ;
; Verilog Version                                                  ; Verilog_2001       ; Verilog_2001       ;
; VHDL Version                                                     ; VHDL_1993          ; VHDL_1993          ;
; State Machine Processing                                         ; Auto               ; Auto               ;
; Safe State Machine                                               ; Off                ; Off                ;
; Extract Verilog State Machines                                   ; On                 ; On                 ;
; Extract VHDL State Machines                                      ; On                 ; On                 ;
; Ignore Verilog initial constructs                                ; Off                ; Off                ;
; Iteration limit for constant Verilog loops                       ; 5000               ; 5000               ;
; Iteration limit for non-constant Verilog loops                   ; 250                ; 250                ;
; Add Pass-Through Logic to Inferred RAMs                          ; On                 ; On                 ;
; Infer RAMs from Raw Logic                                        ; On                 ; On                 ;
; Parallel Synthesis                                               ; On                 ; On                 ;
; DSP Block Balancing                                              ; Auto               ; Auto               ;
; NOT Gate Push-Back                                               ; On                 ; On                 ;
; Power-Up Don't Care                                              ; On                 ; On                 ;
; Remove Redundant Logic Cells                                     ; Off                ; Off                ;
; Remove Duplicate Registers                                       ; On                 ; On                 ;
; Ignore CARRY Buffers                                             ; Off                ; Off                ;
; Ignore CASCADE Buffers                                           ; Off                ; Off                ;
; Ignore GLOBAL Buffers                                            ; Off                ; Off                ;
; Ignore ROW GLOBAL Buffers                                        ; Off                ; Off                ;
; Ignore LCELL Buffers                                             ; Off                ; Off                ;
; Ignore SOFT Buffers                                              ; On                 ; On                 ;
; Limit AHDL Integers to 32 Bits                                   ; Off                ; Off                ;
; Optimization Technique                                           ; Balanced           ; Balanced           ;
; Carry Chain Length                                               ; 70                 ; 70                 ;
; Auto Carry Chains                                                ; On                 ; On                 ;
; Auto Open-Drain Pins                                             ; On                 ; On                 ;
; Perform WYSIWYG Primitive Resynthesis                            ; Off                ; Off                ;
; Auto ROM Replacement                                             ; On                 ; On                 ;
; Auto RAM Replacement                                             ; On                 ; On                 ;
; Auto DSP Block Replacement                                       ; On                 ; On                 ;
; Auto Shift Register Replacement                                  ; Auto               ; Auto               ;
; Allow Shift Register Merging across Hierarchies                  ; Auto               ; Auto               ;
; Auto Clock Enable Replacement                                    ; On                 ; On                 ;
; Strict RAM Replacement                                           ; Off                ; Off                ;
; Allow Synchronous Control Signals                                ; On                 ; On                 ;
; Force Use of Synchronous Clear Signals                           ; Off                ; Off                ;
; Auto RAM Block Balancing                                         ; On                 ; On                 ;
; Auto RAM to Logic Cell Conversion                                ; Off                ; Off                ;
; Auto Resource Sharing                                            ; Off                ; Off                ;
; Allow Any RAM Size For Recognition                               ; Off                ; Off                ;
; Allow Any ROM Size For Recognition                               ; Off                ; Off                ;
; Allow Any Shift Register Size For Recognition                    ; Off                ; Off                ;
; Use LogicLock Constraints during Resource Balancing              ; On                 ; On                 ;
; Ignore translate_off and synthesis_off directives                ; Off                ; Off                ;
; Timing-Driven Synthesis                                          ; On                 ; On                 ;
; Report Parameter Settings                                        ; On                 ; On                 ;
; Report Source Assignments                                        ; On                 ; On                 ;
; Report Connectivity Checks                                       ; On                 ; On                 ;
; Ignore Maximum Fan-Out Assignments                               ; Off                ; Off                ;
; Synchronization Register Chain Length                            ; 2                  ; 2                  ;
; Power Optimization During Synthesis                              ; Normal compilation ; Normal compilation ;
; HDL message level                                                ; Level2             ; Level2             ;
; Suppress Register Optimization Related Messages                  ; Off                ; Off                ;
; Number of Removed Registers Reported in Synthesis Report         ; 5000               ; 5000               ;
; Number of Swept Nodes Reported in Synthesis Report               ; 5000               ; 5000               ;
; Number of Inverted Registers Reported in Synthesis Report        ; 100                ; 100                ;
; Clock MUX Protection                                             ; On                 ; On                 ;
; Auto Gated Clock Conversion                                      ; Off                ; Off                ;
; Block Design Naming                                              ; Auto               ; Auto               ;
; SDC constraint protection                                        ; Off                ; Off                ;
; Synthesis Effort                                                 ; Auto               ; Auto               ;
; Shift Register Replacement - Allow Asynchronous Clear Signal     ; On                 ; On                 ;
; Pre-Mapping Resynthesis Optimization                             ; Off                ; Off                ;
; Analysis & Synthesis Message Level                               ; Medium             ; Medium             ;
; Disable Register Merging Across Hierarchies                      ; Auto               ; Auto               ;
; Resource Aware Inference For Block RAM                           ; On                 ; On                 ;
+------------------------------------------------------------------+--------------------+--------------------+


+------------------------------------------+
; Parallel Compilation                     ;
+----------------------------+-------------+
; Processors                 ; Number      ;
+----------------------------+-------------+
; Number detected on machine ; 12          ;
; Maximum allowed            ; 12          ;
;                            ;             ;
; Average used               ; 1.00        ;
; Maximum used               ; 12          ;
;                            ;             ;
; Usage by Processor         ; % Time Used ;
;     Processor 1            ; 100.0%      ;
;     Processors 2-12        ;   0.0%      ;
+----------------------------+-------------+


+---------------------------------------------------------------------------------------------------------------------------------------------------------------------------+
; Analysis & Synthesis Source Files Read                                                                                                                                    ;
+----------------------------------+-----------------+------------------------+-----------------------------------------------------------------------------------+---------+
; File Name with User-Entered Path ; Used in Netlist ; File Type              ; File Name with Absolute Path                                                      ; Library ;
+----------------------------------+-----------------+------------------------+-----------------------------------------------------------------------------------+---------+
; ../../RTL/vga_ctrl.v             ; yes             ; User Verilog HDL File  ; C:/Users/wangz/Documents/GitHub/FPGA-Laboratory/Lab4/2_VGA_Display/RTL/vga_ctrl.v ;         ;
+----------------------------------+-----------------+------------------------+-----------------------------------------------------------------------------------+---------+


+--------------------------------------------------------------+
; Analysis & Synthesis Resource Usage Summary                  ;
+---------------------------------------------+----------------+
; Resource                                    ; Usage          ;
+---------------------------------------------+----------------+
; Estimated Total logic elements              ; 107            ;
;                                             ;                ;
; Total combinational functions               ; 107            ;
; Logic element usage by number of LUT inputs ;                ;
;     -- 4 input functions                    ; 43             ;
;     -- 3 input functions                    ; 20             ;
;     -- <=2 input functions                  ; 44             ;
;                                             ;                ;
; Logic elements by mode                      ;                ;
;     -- normal mode                          ; 71             ;
;     -- arithmetic mode                      ; 36             ;
;                                             ;                ;
; Total registers                             ; 20             ;
;     -- Dedicated logic registers            ; 20             ;
;     -- I/O registers                        ; 0              ;
;                                             ;                ;
; I/O pins                                    ; 56             ;
;                                             ;                ;
; Embedded Multiplier 9-bit elements          ; 0              ;
;                                             ;                ;
; Maximum fan-out node                        ; pix_data_req~1 ;
; Maximum fan-out                             ; 36             ;
; Total fan-out                               ; 470            ;
; Average fan-out                             ; 1.97           ;
+---------------------------------------------+----------------+


+----------------------------------------------------------------------------------------------------------------------------------------------------------------------------------------------------------+
; Analysis & Synthesis Resource Utilization by Entity                                                                                                                                                      ;
+----------------------------+---------------------+---------------------------+-------------+--------------+---------+-----------+------+--------------+---------------------+-------------+--------------+
; Compilation Hierarchy Node ; Combinational ALUTs ; Dedicated Logic Registers ; Memory Bits ; DSP Elements ; DSP 9x9 ; DSP 18x18 ; Pins ; Virtual Pins ; Full Hierarchy Name ; Entity Name ; Library Name ;
+----------------------------+---------------------+---------------------------+-------------+--------------+---------+-----------+------+--------------+---------------------+-------------+--------------+
; |vga_ctrl                  ; 107 (107)           ; 20 (20)                   ; 0           ; 0            ; 0       ; 0         ; 56   ; 0            ; |vga_ctrl           ; vga_ctrl    ; work         ;
+----------------------------+---------------------+---------------------------+-------------+--------------+---------+-----------+------+--------------+---------------------+-------------+--------------+
Note: For table entries with two numbers listed, the numbers in parentheses indicate the number of resources of the given type used by the specific entity alone. The numbers listed outside of parentheses indicate the total resources of the given type used by the specific entity and all of its sub-entities in the hierarchy.


+------------------------------------------------------+
; General Register Statistics                          ;
+----------------------------------------------+-------+
; Statistic                                    ; Value ;
+----------------------------------------------+-------+
; Total registers                              ; 20    ;
; Number of registers using Synchronous Clear  ; 0     ;
; Number of registers using Synchronous Load   ; 0     ;
; Number of registers using Asynchronous Clear ; 20    ;
; Number of registers using Asynchronous Load  ; 0     ;
; Number of registers using Clock Enable       ; 0     ;
; Number of registers using Preset             ; 0     ;
+----------------------------------------------+-------+


+------------------------------------------------------------------------------------------------------------------------------------------+
; Multiplexer Restructuring Statistics (Restructuring Performed)                                                                           ;
+--------------------+-----------+---------------+----------------------+------------------------+------------+----------------------------+
; Multiplexer Inputs ; Bus Width ; Baseline Area ; Area if Restructured ; Saving if Restructured ; Registered ; Example Multiplexer Output ;
+--------------------+-----------+---------------+----------------------+------------------------+------------+----------------------------+
; 3:1                ; 10 bits   ; 20 LEs        ; 10 LEs               ; 10 LEs                 ; Yes        ; |vga_ctrl|cnt_v[6]         ;
+--------------------+-----------+---------------+----------------------+------------------------+------------+----------------------------+


+--------------------------------------------------------------------------+
; Parameter Settings for User Entity Instance: Top-level Entity: |vga_ctrl ;
+----------------+------------+--------------------------------------------+
; Parameter Name ; Value      ; Type                                       ;
+----------------+------------+--------------------------------------------+
; H_SYNC         ; 0001100000 ; Unsigned Binary                            ;
; H_BACK         ; 0000101000 ; Unsigned Binary                            ;
; H_LEFT         ; 0000001000 ; Unsigned Binary                            ;
; H_VALID        ; 1010000000 ; Unsigned Binary                            ;
; H_RIGHT        ; 0000001000 ; Unsigned Binary                            ;
; H_FRONT        ; 0000001000 ; Unsigned Binary                            ;
; H_TOTAL        ; 1100100000 ; Unsigned Binary                            ;
; V_SYNC         ; 0000000010 ; Unsigned Binary                            ;
; V_BACK         ; 0000011001 ; Unsigned Binary                            ;
; V_TOP          ; 0000001000 ; Unsigned Binary                            ;
; V_VALID        ; 0111100000 ; Unsigned Binary                            ;
; V_BOTTOM       ; 0000001000 ; Unsigned Binary                            ;
; V_FRONT        ; 0000000010 ; Unsigned Binary                            ;
; V_TOTAL        ; 1000001101 ; Unsigned Binary                            ;
+----------------+------------+--------------------------------------------+
Note: In order to hide this table in the UI and the text report file, please set the "Show Parameter Settings in Synthesis Report" option in "Analysis and Synthesis Settings -> More Settings" to "Off".


+-----------------------------------------------------+
; Post-Synthesis Netlist Statistics for Top Partition ;
+-----------------------+-----------------------------+
; Type                  ; Count                       ;
+-----------------------+-----------------------------+
; boundary_port         ; 56                          ;
; cycloneiii_ff         ; 20                          ;
;     CLR               ; 20                          ;
; cycloneiii_lcell_comb ; 109                         ;
;     arith             ; 36                          ;
;         2 data inputs ; 36                          ;
;     normal            ; 73                          ;
;         1 data inputs ; 6                           ;
;         2 data inputs ; 4                           ;
;         3 data inputs ; 20                          ;
;         4 data inputs ; 43                          ;
;                       ;                             ;
; Max LUT depth         ; 4.00                        ;
; Average LUT depth     ; 2.84                        ;
+-----------------------+-----------------------------+


+-------------------------------+
; Elapsed Time Per Partition    ;
+----------------+--------------+
; Partition Name ; Elapsed Time ;
+----------------+--------------+
; Top            ; 00:00:00     ;
+----------------+--------------+


+-------------------------------+
; Analysis & Synthesis Messages ;
+-------------------------------+
Info: *******************************************************************
Info: Running Quartus Prime Analysis & Synthesis
    Info: Version 23.1std.1 Build 993 05/14/2024 SC Lite Edition
    Info: Processing started: Tue Aug 20 19:18:06 2024
Info: Command: quartus_map --read_settings_files=on --write_settings_files=off vga_ctrl -c vga_ctrl
Warning (18236): Number of processors has not been specified which may cause overloading on shared machines.  Set the global assignment NUM_PARALLEL_PROCESSORS in your QSF to an appropriate value for best performance.
Info (20030): Parallel compilation is enabled and will use 12 of the 12 processors detected
Info (12021): Found 1 design units, including 1 entities, in source file /users/wangz/documents/github/fpga-laboratory/lab4/2_vga_display/sim/tb_vga_ctrl.v
    Info (12023): Found entity 1: tb_vga_ctrl File: C:/Users/wangz/Documents/GitHub/FPGA-Laboratory/Lab4/2_VGA_Display/Sim/tb_vga_ctrl.v Line: 2
Info (12021): Found 1 design units, including 1 entities, in source file /users/wangz/documents/github/fpga-laboratory/lab4/2_vga_display/rtl/vga_ctrl.v
    Info (12023): Found entity 1: vga_ctrl File: C:/Users/wangz/Documents/GitHub/FPGA-Laboratory/Lab4/2_VGA_Display/RTL/vga_ctrl.v Line: 1
Info (12021): Found 1 design units, including 1 entities, in source file /users/wangz/documents/github/fpga-laboratory/lab4/2_vga_display/quartus_prj/ipcore_dir/clk_gen.v
    Info (12023): Found entity 1: clk_gen File: C:/Users/wangz/Documents/GitHub/FPGA-Laboratory/Lab4/2_VGA_Display/Quartus_prj/ipcore_dir/clk_gen.v Line: 40
Warning (10236): Verilog HDL Implicit Net warning at tb_vga_ctrl.v(62): created implicit net for "pix_x" File: C:/Users/wangz/Documents/GitHub/FPGA-Laboratory/Lab4/2_VGA_Display/Sim/tb_vga_ctrl.v Line: 62
Warning (10236): Verilog HDL Implicit Net warning at tb_vga_ctrl.v(63): created implicit net for "pix_y" File: C:/Users/wangz/Documents/GitHub/FPGA-Laboratory/Lab4/2_VGA_Display/Sim/tb_vga_ctrl.v Line: 63
Warning (10236): Verilog HDL Implicit Net warning at tb_vga_ctrl.v(64): created implicit net for "hsync" File: C:/Users/wangz/Documents/GitHub/FPGA-Laboratory/Lab4/2_VGA_Display/Sim/tb_vga_ctrl.v Line: 64
Warning (10236): Verilog HDL Implicit Net warning at tb_vga_ctrl.v(65): created implicit net for "vsync" File: C:/Users/wangz/Documents/GitHub/FPGA-Laboratory/Lab4/2_VGA_Display/Sim/tb_vga_ctrl.v Line: 65
Warning (10236): Verilog HDL Implicit Net warning at tb_vga_ctrl.v(66): created implicit net for "rgb" File: C:/Users/wangz/Documents/GitHub/FPGA-Laboratory/Lab4/2_VGA_Display/Sim/tb_vga_ctrl.v Line: 66
Info (12127): Elaborating entity "vga_ctrl" for the top level hierarchy
Info (286030): Timing-Driven Synthesis is running
Info (16010): Generating hard_block partition "hard_block:auto_generated_inst"
    Info (16011): Adding 0 node(s), including 0 DDIO, 0 PLL, 0 transceiver and 0 LCELL
Info (21057): Implemented 163 device resources after synthesis - the final resource count might be different
    Info (21058): Implemented 18 input pins
    Info (21059): Implemented 38 output pins
    Info (21061): Implemented 107 logic cells
Info: Quartus Prime Analysis & Synthesis was successful. 0 errors, 6 warnings
    Info: Peak virtual memory: 4813 megabytes
    Info: Processing ended: Tue Aug 20 19:18:15 2024
    Info: Elapsed time: 00:00:09
    Info: Total CPU time (on all processors): 00:00:17


