Flow report for vga_ctrl
Tue Aug 20 19:18:15 2024
Quartus Prime Version 23.1std.1 Build 993 05/14/2024 SC Lite Edition


---------------------
; Table of Contents ;
---------------------
  1. Legal Notice
  2. Flow Summary
  3. Flow Settings
  4. Flow Non-Default Global Settings
  5. Flow Elapsed Time
  6. Flow OS Summary
  7. Flow Log
  8. Flow Messages
  9. Flow Suppressed Messages



----------------
; Legal Notice ;
----------------
Copyright (C) 2024  Intel Corporation. All rights reserved.
Your use of Intel Corporation's design tools, logic functions 
and other software and tools, and any partner logic 
functions, and any output files from any of the foregoing 
(including device programming or simulation files), and any 
associated documentation or information are expressly subject 
to the terms and conditions of the Intel Program License 
Subscription Agreement, the Intel Quartus Prime License Agreement,
the Intel FPGA IP License Agreement, or other applicable license
agreement, including, without limitation, that your use is for
the sole purpose of programming logic devices manufactured by
Intel and sold by Intel or its authorized distributors.  Please
refer to the applicable agreement for further details, at
https://fpgasoftware.intel.com/eula.



+-------------------------------------------------------------------------------------+
; Flow Summary                                                                        ;
+------------------------------------+------------------------------------------------+
; Flow Status                        ; Successful - Tue Aug 20 19:18:15 2024          ;
; Quartus Prime Version              ; 23.1std.1 Build 993 05/14/2024 SC Lite Edition ;
; Revision Name                      ; vga_ctrl                                       ;
; Top-level Entity Name              ; vga_ctrl                                       ;
; Family                             ; Cyclone IV E                                   ;
; Device                             ; EP4CE10F17C8                                   ;
; Timing Models                      ; Final                                          ;
; Total logic elements               ; 107                                            ;
;     Total combinational functions  ; 107                                            ;
;     Dedicated logic registers      ; 20                                             ;
; Total registers                    ; 20                                             ;
; Total pins                         ; 56                                             ;
; Total virtual pins                 ; 0                                              ;
; Total memory bits                  ; 0                                              ;
; Embedded Multiplier 9-bit elements ; 0                                              ;
; Total PLLs                         ; 0                                              ;
+------------------------------------+------------------------------------------------+


+-----------------------------------------+
; Flow Settings                           ;
+-------------------+---------------------+
; Option            ; Setting             ;
+-------------------+---------------------+
; Start date & time ; 08/20/2024 19:18:07 ;
; Main task         ; Compilation         ;
; Revision Name     ; vga_ctrl            ;
+-------------------+---------------------+


+--------------------------------------------------------------------------------------------------------------------------------------------------------------------------------------------------------------+
; Flow Non-Default Global Settings                                                                                                                                                                             ;
+------------------------------------------------+-------------------------------------------------------------------------------------------+---------------+-------------+-----------------------------------+
; Assignment Name                                ; Value                                                                                     ; Default Value ; Entity Name ; Section Id                        ;
+------------------------------------------------+-------------------------------------------------------------------------------------------+---------------+-------------+-----------------------------------+
; COMPILER_SIGNATURE_ID                          ; 186416556927.172415268717216                                                              ; --            ; --          ; --                                ;
; EDA_DESIGN_INSTANCE_NAME                       ; NA                                                                                        ; --            ; --          ; tb_vga_ctrl                       ;
; EDA_GENERATE_FUNCTIONAL_NETLIST                ; Off                                                                                       ; --            ; --          ; eda_board_design_timing           ;
; EDA_GENERATE_FUNCTIONAL_NETLIST                ; Off                                                                                       ; --            ; --          ; eda_board_design_boundary_scan    ;
; EDA_GENERATE_FUNCTIONAL_NETLIST                ; Off                                                                                       ; --            ; --          ; eda_board_design_signal_integrity ;
; EDA_GENERATE_FUNCTIONAL_NETLIST                ; Off                                                                                       ; --            ; --          ; eda_board_design_symbol           ;
; EDA_NATIVELINK_SIMULATION_TEST_BENCH           ; tb_vga_ctrl                                                                               ; --            ; --          ; eda_simulation                    ;
; EDA_OUTPUT_DATA_FORMAT                         ; Verilog Hdl                                                                               ; --            ; --          ; eda_simulation                    ;
; EDA_SIMULATION_TOOL                            ; Questa Intel FPGA (Verilog)                                                               ; <None>        ; --          ; --                                ;
; EDA_TEST_BENCH_ENABLE_STATUS                   ; TEST_BENCH_MODE                                                                           ; --            ; --          ; eda_simulation                    ;
; EDA_TEST_BENCH_FILE                            ; ../../Sim/tb_vga_ctrl.v                                                                   ; --            ; --          ; tb_vga_ctrl                       ;
; EDA_TEST_BENCH_MODULE_NAME                     ; tb_vga_ctrl                                                                               ; --            ; --          ; tb_vga_ctrl                       ;
; EDA_TEST_BENCH_NAME                            ; tb_vga_ctrl                                                                               ; --            ; --          ; eda_simulation                    ;
; EDA_TEST_BENCH_RUN_SIM_FOR                     ; 1 us                                                                                      ; --            ; --          ; tb_vga_ctrl                       ;
; EDA_TIME_SCALE                                 ; 1 ps                                                                                      ; --            ; --          ; eda_simulation                    ;
; EDA_USER_COMPILED_SIMULATION_LIBRARY_DIRECTORY ; C:/Users/wangz/Documents/GitHub/FPGA-Laboratory/Lab4/2_VGA_Display/Quartus_prj/ipcore_dir ; --            ; --          ; eda_simulation                    ;
; MAX_CORE_JUNCTION_TEMP                         ; 85                                                                                        ; --            ; --          ; --                                ;
; MIN_CORE_JUNCTION_TEMP                         ; 0                                                                                         ; --            ; --          ; --                                ;
; MISC_FILE                                      ; ../ipcore_dir/clk_gen.ppf                                                                 ; --            ; --          ; --                                ;
; NOMINAL_CORE_SUPPLY_VOLTAGE                    ; 1.2V                                                                                      ; --            ; --          ; --                                ;
; PARTITION_COLOR                                ; -- (Not supported for targeted family)                                                    ; --            ; --          ; Top                               ;
; PARTITION_FITTER_PRESERVATION_LEVEL            ; -- (Not supported for targeted family)                                                    ; --            ; --          ; Top                               ;
; PARTITION_NETLIST_TYPE                         ; -- (Not supported for targeted family)                                                    ; --            ; --          ; Top                               ;
; POWER_BOARD_THERMAL_MODEL                      ; None (CONSERVATIVE)                                                                       ; --            ; --          ; --                                ;
; POWER_PRESET_COOLING_SOLUTION                  ; 23 MM HEAT SINK WITH 200 LFPM AIRFLOW                                                     ; --            ; --          ; --                                ;
; PROJECT_OUTPUT_DIRECTORY                       ; output_files                                                                              ; --            ; --          ; --                                ;
+------------------------------------------------+-------------------------------------------------------------------------------------------+---------------+-------------+-----------------------------------+


+--------------------------------------------------------------------------------------------------------------------------+
; Flow Elapsed Time                                                                                                        ;
+----------------------+--------------+-------------------------+---------------------+------------------------------------+
; Module Name          ; Elapsed Time ; Average Processors Used ; Peak Virtual Memory ; Total CPU Time (on all processors) ;
+----------------------+--------------+-------------------------+---------------------+------------------------------------+
; Analysis & Synthesis ; 00:00:08     ; 1.0                     ; 4813 MB             ; 00:00:17                           ;
; Total                ; 00:00:08     ; --                      ; --                  ; 00:00:17                           ;
+----------------------+--------------+-------------------------+---------------------+------------------------------------+


+------------------------------------------------------------------------------------+
; Flow OS Summary                                                                    ;
+----------------------+------------------+------------+------------+----------------+
; Module Name          ; Machine Hostname ; OS Name    ; OS Version ; Processor type ;
+----------------------+------------------+------------+------------+----------------+
; Analysis & Synthesis ; DESKTOP-HNS9E6Q  ; Windows 10 ; 10.0       ; x86_64         ;
+----------------------+------------------+------------+------------+----------------+


------------
; Flow Log ;
------------
quartus_map --read_settings_files=on --write_settings_files=off vga_ctrl -c vga_ctrl



